<?xml version="1.0" encoding="UTF-8"?>
<!-- Generated by org.testng.reporters.JUnitReportReporter -->
<testsuite hostname="DESKTOP-64KBUV2" failures="0" tests="1" name="runner.MyRunner" time="0.071" errors="0" timestamp="2024-05-18T13:00:18 EDT" skipped="0">
  <testcase classname="runner.MyRunner" name="runScenario" time="0.071"/>
  <system-out/>
</testsuite> <!-- runner.MyRunner -->
